[debug] [2024-07-17T09:00:04.617Z] ----------------------------------------------------------------------
[debug] [2024-07-17T09:00:04.620Z] Command:       C:\Program Files\nodejs\node.exe C:\Users\oplkl\AppData\Roaming\npm\node_modules\firebase-tools\lib\bin\firebase.js init
[debug] [2024-07-17T09:00:04.620Z] CLI Version:   13.13.3
[debug] [2024-07-17T09:00:04.620Z] Platform:      win32
[debug] [2024-07-17T09:00:04.620Z] Node Version:  v20.15.0
[debug] [2024-07-17T09:00:04.620Z] Time:          Wed Jul 17 2024 18:00:04 GMT+0900 (대한민국 표준시)
[debug] [2024-07-17T09:00:04.621Z] ----------------------------------------------------------------------
[debug] 
[debug] [2024-07-17T09:00:04.626Z] > command requires scopes: ["email","openid","https://www.googleapis.com/auth/cloudplatformprojects.readonly","https://www.googleapis.com/auth/firebase","https://www.googleapis.com/auth/cloud-platform"]
[debug] [2024-07-17T09:00:04.626Z] > authorizing via signed-in user (sgmikisayaka@gmail.com)
[info] 
     ######## #### ########  ######## ########     ###     ######  ########
     ##        ##  ##     ## ##       ##     ##  ##   ##  ##       ##
     ######    ##  ########  ######   ########  #########  ######  ######
     ##        ##  ##    ##  ##       ##     ## ##     ##       ## ##
     ##       #### ##     ## ######## ########  ##     ##  ######  ########

You're about to initialize a Firebase project in this directory:

  C:\code\next-app\practice

Before we get started, keep in mind:

  * You are currently outside your home directory

[info] 
=== Project Setup
[info] 
[info] First, let's associate this project directory with a Firebase project.
[info] You can create multiple project aliases by running firebase use --add, 
[info] but for now we'll just set up a default project.
[info] 
[debug] [2024-07-17T09:00:20.344Z] >>> [apiv2][query] GET https://firebase.googleapis.com/v1beta1/projects pageSize=100
[debug] [2024-07-17T09:00:21.007Z] <<< [apiv2][status] GET https://firebase.googleapis.com/v1beta1/projects 200
[debug] [2024-07-17T09:00:21.008Z] <<< [apiv2][body] GET https://firebase.googleapis.com/v1beta1/projects [omitted]
